<?xml version="1.0" encoding="UTF-8"?>
<!-- Generated by org.testng.reporters.JUnitReportReporter -->
<testsuite hostname="tintu" failures="0" tests="1" name="com.testrunner.TestRunner" time="9.554" errors="0" timestamp="26 Dec 2021 19:32:26 GMT" skipped="0">
  <testcase classname="com.testrunner.TestRunner" name="runScenario" time="9.554"/>
</testsuite> <!-- com.testrunner.TestRunner -->
